<?xml version="1.0" encoding="UTF-8"?>
<!-- Generated by org.testng.reporters.JUnitReportReporter -->
<testsuite hostname="nitin-PC" name="NitinTest.DemoWebdriver.NewTest.NewTest" tests="1" failures="0" timestamp="5 Jun 2017 23:23:30 GMT" time="19.398" errors="0">
  <testcase name="testEasy" time="19.398" classname="NitinTest.DemoWebdriver.NewTest.NewTest"/>
</testsuite> <!-- NitinTest.DemoWebdriver.NewTest.NewTest -->
